
> dev
> nuxt dev --host 0.0.0.0 --port 3000

|
•  [32mNuxt [1m3.21.8[22m[39m[90m (with [39m[90mNitro [1m2.13.4[22m[39m[90m, Vite [1m7.3.5[22m[39m[90m and Vue [1m3.5.38[22m[39m[90m)[39m

 
              █▀▀▀▀▀▀▀█▀▀▀█▀▀█▀██▀▀▀▀▀▀▀█
              █ █▀▀▀█ █ ▄ ▀██ ███ █▀▀▀█ █
              █ █   █ █▄▄█▄█ █▀▄█ █   █ █
              █ ▀▀▀▀▀ █ █▀▄ █ █▀█ ▀▀▀▀▀ █
              █▀▀██▀▀▀██▄█▀▄█▀█ ██▀█▀▀▀▀█
              █▀█ ▀█ ▀▄█▄▄▀ ▀█ █▄█ ▄ ▀▄██
              █ ▀█ ██▀███ ▄▀█▀█▀█ ▄█▀  ▀█
              █▄▄█▀▄ ▀▄██▀██ █ ▀█▀ ▄▀▀▄██
              █▀▀ █ ▀▀▀ █▄▀ █ ▀▀  ▀▀  ▄██
              █▀▀▀▀▀▀▀█▄  ▀ ▄██ █▀█ ▀▄███
              █ █▀▀▀█ █ ▀▀▀ █▀▄ ▀▀▀ ▄ ███
              █ █   █ ███▀ ▄▄█▀▀█ ██▄▄ ▄█
              █ ▀▀▀▀▀ █ █▄▄██▀██▄ ▄▄▄  ▀█
              ▀▀▀▀▀▀▀▀▀▀▀▀▀▀▀▀▀▀▀▀▀▀▀▀▀▀▀
 
[32m  ➜ Local:   [39m [36m[4mhttp://0.0.0.0:[1m3000[22m/[24m[39m
[35m  ➜ Network: [39m [36m[4mhttp://157.80.72.32:[1m3000[22m/[24m[39m[90m [QR code][39m
[35m  ➜ Network: [39m [36m[4mhttp://172.23.144.1:[1m3000[22m/[24m[39m

[33m  ➜ DevTools: [39m[2mpress [22m[32mShift[39m[2m + [22m[32mAlt[39m[2m + [22m[32mD[39m[2m in the browser (v3.2.4)[22m

[32m√[39m Vite client built in 34ms
[32m√[39m Vite server built in 353ms
[90m[[90mnitro[90m][39m [32m√[39m Nuxt Nitro server built in 995ms
[36mi[39m Vite server warmed up in 1ms
[36mi[39m Vite client warmed up in 3ms
